<?xml version="1.0" encoding="UTF-8"?>
<!-- Generated by org.testng.reporters.JUnitReportReporter -->
<testsuite hostname="hunter" failures="0" tests="1" name="com.Test.LoginTest" time="18.705" errors="0" timestamp="2022-08-03T08:55:30 IST" skipped="0">
  <testcase classname="com.Test.LoginTest" name="login" time="18.705"/>
  <system-out/>
</testsuite> <!-- com.Test.LoginTest -->
